  [1m[35m (0.2ms)[0m  [1m[34mSELECT pg_try_advisory_lock(8638483608412724115);[0m
  [1m[35m (1.7ms)[0m  [1m[34mSELECT "schema_migrations"."version" FROM "schema_migrations" ORDER BY "schema_migrations"."version" ASC[0m
Migrating to AddUsernameToUsers (20170713222310)
  [1m[35m (0.1ms)[0m  [1m[35mBEGIN[0m
  [1m[35m (0.4ms)[0m  [1m[35mALTER TABLE "users" ADD "first_name" character varying[0m
  [1m[35m (0.2ms)[0m  [1m[35mALTER TABLE "users" ADD "last_name" character varying[0m
  [1m[35m (0.2ms)[0m  [1m[35mALTER TABLE "users" ADD "nick_name" character varying[0m
  [1m[35mSQL (0.3ms)[0m  [1m[32mINSERT INTO "schema_migrations" ("version") VALUES ($1) RETURNING "version"[0m  [["version", "20170713222310"]]
  [1m[35m (5.4ms)[0m  [1m[35mCOMMIT[0m
Migrating to ActsAsTaggableOnMigration (20170714233258)
  [1m[35m (0.3ms)[0m  [1m[34mSELECT pg_advisory_unlock(8638483608412724115)[0m
  [1m[35m (0.2ms)[0m  [1m[34mSELECT pg_try_advisory_lock(8638483608412724115);[0m
  [1m[35m (0.5ms)[0m  [1m[34mSELECT "schema_migrations"."version" FROM "schema_migrations" ORDER BY "schema_migrations"."version" ASC[0m
Migrating to ActsAsTaggableOnMigration (20170714233258)
  [1m[35m (0.2ms)[0m  [1m[34mSELECT pg_advisory_unlock(8638483608412724115)[0m
  [1m[35m (0.2ms)[0m  [1m[34mSELECT pg_try_advisory_lock(8638483608412724115);[0m
  [1m[35m (0.7ms)[0m  [1m[34mSELECT "schema_migrations"."version" FROM "schema_migrations" ORDER BY "schema_migrations"."version" ASC[0m
Migrating to ActsAsTaggableOnMigration (20170714233258)
  [1m[35m (0.2ms)[0m  [1m[35mBEGIN[0m
  [1m[35m (35.7ms)[0m  [1m[35mCREATE TABLE "tags" ("id" bigserial primary key, "name" character varying)[0m
  [1m[35m (22.4ms)[0m  [1m[35mCREATE TABLE "taggings" ("id" bigserial primary key, "tag_id" bigint, "taggable_type" character varying, "taggable_id" bigint, "tagger_type" character varying, "tagger_id" bigint, "context" character varying(128), "created_at" timestamp)[0m
  [1m[35m (10.9ms)[0m  [1m[35mCREATE  INDEX  "index_taggings_on_tag_id" ON "taggings"  ("tag_id")[0m
  [1m[35m (9.4ms)[0m  [1m[35mCREATE  INDEX  "index_taggings_on_taggable_type_and_taggable_id" ON "taggings"  ("taggable_type", "taggable_id")[0m
  [1m[35m (8.7ms)[0m  [1m[35mCREATE  INDEX  "index_taggings_on_tagger_type_and_tagger_id" ON "taggings"  ("tagger_type", "tagger_id")[0m
  [1m[35m (0.7ms)[0m  [1m[31mROLLBACK[0m
  [1m[35m (0.2ms)[0m  [1m[34mSELECT pg_advisory_unlock(8638483608412724115)[0m
  [1m[35m (0.2ms)[0m  [1m[34mSELECT pg_try_advisory_lock(8638483608412724115);[0m
  [1m[35m (0.5ms)[0m  [1m[34mSELECT "schema_migrations"."version" FROM "schema_migrations" ORDER BY "schema_migrations"."version" ASC[0m
Migrating to ActsAsTaggableOnMigration (20170714233258)
  [1m[35m (0.1ms)[0m  [1m[35mBEGIN[0m
  [1m[35m (26.0ms)[0m  [1m[35mCREATE TABLE "tags" ("id" bigserial primary key, "name" character varying)[0m
  [1m[35m (17.1ms)[0m  [1m[35mCREATE TABLE "taggings" ("id" bigserial primary key, "tag_id" bigint, "taggable_type" character varying, "taggable_id" bigint, "tagger_type" character varying, "tagger_id" bigint, "context" character varying(128), "created_at" timestamp)[0m
  [1m[35m (17.9ms)[0m  [1m[35mCREATE  INDEX  "index_taggings_on_tag_id" ON "taggings"  ("tag_id")[0m
  [1m[35m (3.9ms)[0m  [1m[35mCREATE  INDEX  "index_taggings_on_taggable_type_and_taggable_id" ON "taggings"  ("taggable_type", "taggable_id")[0m
  [1m[35m (6.4ms)[0m  [1m[35mCREATE  INDEX  "index_taggings_on_tagger_type_and_tagger_id" ON "taggings"  ("tagger_type", "tagger_id")[0m
  [1m[35m (0.8ms)[0m  [1m[31mROLLBACK[0m
  [1m[35m (0.2ms)[0m  [1m[34mSELECT pg_advisory_unlock(8638483608412724115)[0m
  [1m[35m (0.5ms)[0m  [1m[34mSELECT "schema_migrations"."version" FROM "schema_migrations" ORDER BY "schema_migrations"."version" ASC[0m
  [1m[35m (1.4ms)[0m  [1m[34mSELECT "ar_internal_metadata"."value" FROM "ar_internal_metadata" WHERE "ar_internal_metadata"."key" = $1[0m  [["key", "environment"]]
  [1m[35m (0.1ms)[0m  [1m[34mSELECT "schema_migrations"."version" FROM "schema_migrations" ORDER BY "schema_migrations"."version" ASC[0m
  [1m[35m (0.1ms)[0m  [1m[34mSELECT "ar_internal_metadata"."value" FROM "ar_internal_metadata" WHERE "ar_internal_metadata"."key" = $1[0m  [["key", "environment"]]
  [1m[35m (0.1ms)[0m  [1m[34mSELECT "schema_migrations"."version" FROM "schema_migrations" ORDER BY "schema_migrations"."version" ASC[0m
  [1m[35m (0.1ms)[0m  [1m[34mSELECT "ar_internal_metadata"."value" FROM "ar_internal_metadata" WHERE "ar_internal_metadata"."key" = $1[0m  [["key", "environment"]]
  [1m[35m (110.8ms)[0m  [1m[35mDROP DATABASE IF EXISTS "ruby-rogues_development"[0m
  [1m[35m (107.2ms)[0m  [1m[35mDROP DATABASE IF EXISTS "ruby-rogues_test"[0m
  [1m[35m (586.6ms)[0m  [1m[35mCREATE DATABASE "ruby-rogues_development" ENCODING = 'unicode'[0m
  [1m[35m (469.5ms)[0m  [1m[35mCREATE DATABASE "ruby-rogues_test" ENCODING = 'unicode'[0m
  [1m[35m (26.3ms)[0m  [1m[35mCREATE TABLE "schema_migrations" ("version" character varying NOT NULL PRIMARY KEY)[0m
  [1m[35m (26.3ms)[0m  [1m[35mCREATE TABLE "ar_internal_metadata" ("key" character varying NOT NULL PRIMARY KEY, "value" character varying, "created_at" timestamp NOT NULL, "updated_at" timestamp NOT NULL)[0m
  [1m[35m (0.3ms)[0m  [1m[34mSELECT pg_try_advisory_lock(8638483608412724115);[0m
  [1m[35m (0.5ms)[0m  [1m[34mSELECT "schema_migrations"."version" FROM "schema_migrations" ORDER BY "schema_migrations"."version" ASC[0m
Migrating to CreateAlbums (20170707093734)
  [1m[35m (0.2ms)[0m  [1m[35mBEGIN[0m
  [1m[35m (23.2ms)[0m  [1m[35mCREATE TABLE "albums" ("id" bigserial primary key, "title" character varying, "file_cover" character varying, "created_at" timestamp NOT NULL, "updated_at" timestamp NOT NULL)[0m
  [1m[35mSQL (0.6ms)[0m  [1m[32mINSERT INTO "schema_migrations" ("version") VALUES ($1) RETURNING "version"[0m  [["version", "20170707093734"]]
  [1m[35m (4.0ms)[0m  [1m[35mCOMMIT[0m
Migrating to CreateSongs (20170707184708)
  [1m[35m (0.2ms)[0m  [1m[35mBEGIN[0m
  [1m[35m (20.5ms)[0m  [1m[35mCREATE TABLE "songs" ("id" bigserial primary key, "title" character varying, "artist" character varying, "duration" integer, "album_id" integer, "playlist_id" integer, "created_at" timestamp NOT NULL, "updated_at" timestamp NOT NULL)[0m
  [1m[35mSQL (0.3ms)[0m  [1m[32mINSERT INTO "schema_migrations" ("version") VALUES ($1) RETURNING "version"[0m  [["version", "20170707184708"]]
  [1m[35m (4.1ms)[0m  [1m[35mCOMMIT[0m
Migrating to CreateUsers (20170707213837)
  [1m[35m (0.2ms)[0m  [1m[35mBEGIN[0m
  [1m[35m (17.4ms)[0m  [1m[35mCREATE TABLE "users" ("id" bigserial primary key, "email" character varying, "nick_name" character varying, "role" integer DEFAULT 0, "created_at" timestamp NOT NULL, "updated_at" timestamp NOT NULL)[0m
  [1m[35mSQL (0.3ms)[0m  [1m[32mINSERT INTO "schema_migrations" ("version") VALUES ($1) RETURNING "version"[0m  [["version", "20170707213837"]]
  [1m[35m (3.2ms)[0m  [1m[35mCOMMIT[0m
Migrating to CreatePlaylist (20170708140422)
  [1m[35m (0.2ms)[0m  [1m[35mBEGIN[0m
  [1m[35m (15.2ms)[0m  [1m[35mCREATE TABLE "playlists" ("id" bigserial primary key, "title" character varying, "file_cover" character varying, "created_at" timestamp NOT NULL, "updated_at" timestamp NOT NULL)[0m
  [1m[35mSQL (0.2ms)[0m  [1m[32mINSERT INTO "schema_migrations" ("version") VALUES ($1) RETURNING "version"[0m  [["version", "20170708140422"]]
  [1m[35m (2.7ms)[0m  [1m[35mCOMMIT[0m
Migrating to CreateGenres (20170708201645)
  [1m[35m (0.1ms)[0m  [1m[35mBEGIN[0m
  [1m[35m (14.0ms)[0m  [1m[35mCREATE TABLE "genres" ("id" bigserial primary key, "title" character varying, "created_at" timestamp NOT NULL, "updated_at" timestamp NOT NULL)[0m
  [1m[35mSQL (0.3ms)[0m  [1m[32mINSERT INTO "schema_migrations" ("version") VALUES ($1) RETURNING "version"[0m  [["version", "20170708201645"]]
  [1m[35m (2.7ms)[0m  [1m[35mCOMMIT[0m
Migrating to CreateJoinTableSongGenre (20170708202748)
  [1m[35m (0.2ms)[0m  [1m[35mBEGIN[0m
  [1m[35m (0.5ms)[0m  [1m[35mCREATE TABLE "genres_songs" ("song_id" bigint NOT NULL, "genre_id" bigint NOT NULL)[0m
  [1m[35mSQL (0.3ms)[0m  [1m[32mINSERT INTO "schema_migrations" ("version") VALUES ($1) RETURNING "version"[0m  [["version", "20170708202748"]]
  [1m[35m (2.9ms)[0m  [1m[35mCOMMIT[0m
Migrating to CreateJoinTablePlaylistSong (20170709081131)
  [1m[35m (0.5ms)[0m  [1m[35mBEGIN[0m
  [1m[35m (0.6ms)[0m  [1m[35mCREATE TABLE "playlists_songs" ("playlist_id" bigint NOT NULL, "song_id" bigint NOT NULL)[0m
  [1m[35mSQL (0.3ms)[0m  [1m[32mINSERT INTO "schema_migrations" ("version") VALUES ($1) RETURNING "version"[0m  [["version", "20170709081131"]]
  [1m[35m (2.6ms)[0m  [1m[35mCOMMIT[0m
Migrating to AddFileToSong (20170709102718)
  [1m[35m (0.1ms)[0m  [1m[35mBEGIN[0m
  [1m[35m (0.2ms)[0m  [1m[35mALTER TABLE "songs" ADD "file" character varying[0m
  [1m[35mSQL (0.2ms)[0m  [1m[32mINSERT INTO "schema_migrations" ("version") VALUES ($1) RETURNING "version"[0m  [["version", "20170709102718"]]
  [1m[35m (2.6ms)[0m  [1m[35mCOMMIT[0m
Migrating to AddUserToPlaylists (20170709104315)
  [1m[35m (0.2ms)[0m  [1m[35mBEGIN[0m
  [1m[35m (0.3ms)[0m  [1m[35mALTER TABLE "playlists" ADD "user_id" integer[0m
  [1m[35m (8.5ms)[0m  [1m[35mCREATE  INDEX  "index_playlists_on_user_id" ON "playlists"  ("user_id")[0m
  [1m[35mSQL (0.3ms)[0m  [1m[32mINSERT INTO "schema_migrations" ("version") VALUES ($1) RETURNING "version"[0m  [["version", "20170709104315"]]
  [1m[35m (3.8ms)[0m  [1m[35mCOMMIT[0m
Migrating to RemoveColumnArtistIdAndAddColumnUserId (20170710113549)
  [1m[35m (0.1ms)[0m  [1m[35mBEGIN[0m
  [1m[35m (1.0ms)[0m  [1m[35mALTER TABLE "albums" DROP "artist_id"[0m
  [1m[35m (0.5ms)[0m  [1m[31mROLLBACK[0m
  [1m[35m (0.8ms)[0m  [1m[34mSELECT pg_advisory_unlock(8638483608412724115)[0m
  [1m[35m (0.6ms)[0m  [1m[35mCREATE DATABASE "ruby-rogues_development" ENCODING = 'unicode'[0m
  [1m[35m (0.4ms)[0m  [1m[35mCREATE DATABASE "ruby-rogues_test" ENCODING = 'unicode'[0m
  [1m[35m (0.1ms)[0m  [1m[34mSELECT pg_try_advisory_lock(8638483608412724115);[0m
  [1m[35m (0.4ms)[0m  [1m[34mSELECT "schema_migrations"."version" FROM "schema_migrations" ORDER BY "schema_migrations"."version" ASC[0m
Migrating to RemoveColumnArtistIdAndAddColumnUserId (20170710113549)
  [1m[35m (0.1ms)[0m  [1m[35mBEGIN[0m
  [1m[35m (0.6ms)[0m  [1m[35mALTER TABLE "albums" DROP "artist_id"[0m
  [1m[35m (0.1ms)[0m  [1m[31mROLLBACK[0m
  [1m[35m (0.1ms)[0m  [1m[34mSELECT pg_advisory_unlock(8638483608412724115)[0m
  [1m[35m (606.8ms)[0m  [1m[35mCREATE DATABASE "ruby_rouges_rails_development" ENCODING = 'unicode'[0m
  [1m[35m (472.7ms)[0m  [1m[35mCREATE DATABASE "ruby_rouges_rails_test" ENCODING = 'unicode'[0m
  [1m[35m (29.4ms)[0m  [1m[35mCREATE TABLE "schema_migrations" ("version" character varying NOT NULL PRIMARY KEY)[0m
  [1m[35m (31.5ms)[0m  [1m[35mCREATE TABLE "ar_internal_metadata" ("key" character varying NOT NULL PRIMARY KEY, "value" character varying, "created_at" timestamp NOT NULL, "updated_at" timestamp NOT NULL)[0m
  [1m[35m (0.3ms)[0m  [1m[34mSELECT pg_try_advisory_lock(3943021187255099985);[0m
  [1m[35m (0.5ms)[0m  [1m[34mSELECT "schema_migrations"."version" FROM "schema_migrations" ORDER BY "schema_migrations"."version" ASC[0m
Migrating to CreateAlbums (20170707093734)
  [1m[35m (0.3ms)[0m  [1m[35mBEGIN[0m
  [1m[35m (32.1ms)[0m  [1m[35mCREATE TABLE "albums" ("id" bigserial primary key, "title" character varying, "file_cover" character varying, "created_at" timestamp NOT NULL, "updated_at" timestamp NOT NULL)[0m
  [1m[35mSQL (1.4ms)[0m  [1m[32mINSERT INTO "schema_migrations" ("version") VALUES ($1) RETURNING "version"[0m  [["version", "20170707093734"]]
  [1m[35m (5.2ms)[0m  [1m[35mCOMMIT[0m
Migrating to CreateSongs (20170707184708)
  [1m[35m (0.2ms)[0m  [1m[35mBEGIN[0m
  [1m[35m (23.2ms)[0m  [1m[35mCREATE TABLE "songs" ("id" bigserial primary key, "title" character varying, "artist" character varying, "duration" integer, "album_id" integer, "playlist_id" integer, "created_at" timestamp NOT NULL, "updated_at" timestamp NOT NULL)[0m
  [1m[35mSQL (0.5ms)[0m  [1m[32mINSERT INTO "schema_migrations" ("version") VALUES ($1) RETURNING "version"[0m  [["version", "20170707184708"]]
  [1m[35m (5.1ms)[0m  [1m[35mCOMMIT[0m
Migrating to CreateUsers (20170707213837)
  [1m[35m (0.6ms)[0m  [1m[35mBEGIN[0m
  [1m[35m (25.5ms)[0m  [1m[35mCREATE TABLE "users" ("id" bigserial primary key, "email" character varying, "nick_name" character varying, "role" integer DEFAULT 0, "created_at" timestamp NOT NULL, "updated_at" timestamp NOT NULL)[0m
  [1m[35mSQL (0.5ms)[0m  [1m[32mINSERT INTO "schema_migrations" ("version") VALUES ($1) RETURNING "version"[0m  [["version", "20170707213837"]]
  [1m[35m (4.0ms)[0m  [1m[35mCOMMIT[0m
Migrating to CreatePlaylist (20170708140422)
  [1m[35m (0.2ms)[0m  [1m[35mBEGIN[0m
  [1m[35m (21.5ms)[0m  [1m[35mCREATE TABLE "playlists" ("id" bigserial primary key, "title" character varying, "file_cover" character varying, "created_at" timestamp NOT NULL, "updated_at" timestamp NOT NULL)[0m
  [1m[35mSQL (0.3ms)[0m  [1m[32mINSERT INTO "schema_migrations" ("version") VALUES ($1) RETURNING "version"[0m  [["version", "20170708140422"]]
  [1m[35m (4.6ms)[0m  [1m[35mCOMMIT[0m
Migrating to CreateGenres (20170708201645)
  [1m[35m (0.2ms)[0m  [1m[35mBEGIN[0m
  [1m[35m (11.4ms)[0m  [1m[35mCREATE TABLE "genres" ("id" bigserial primary key, "title" character varying, "created_at" timestamp NOT NULL, "updated_at" timestamp NOT NULL)[0m
  [1m[35mSQL (0.6ms)[0m  [1m[32mINSERT INTO "schema_migrations" ("version") VALUES ($1) RETURNING "version"[0m  [["version", "20170708201645"]]
  [1m[35m (3.3ms)[0m  [1m[35mCOMMIT[0m
Migrating to CreateJoinTableSongGenre (20170708202748)
  [1m[35m (0.3ms)[0m  [1m[35mBEGIN[0m
  [1m[35m (2.9ms)[0m  [1m[35mCREATE TABLE "genres_songs" ("song_id" bigint NOT NULL, "genre_id" bigint NOT NULL)[0m
  [1m[35mSQL (0.3ms)[0m  [1m[32mINSERT INTO "schema_migrations" ("version") VALUES ($1) RETURNING "version"[0m  [["version", "20170708202748"]]
  [1m[35m (2.1ms)[0m  [1m[35mCOMMIT[0m
Migrating to CreateJoinTablePlaylistSong (20170709081131)
  [1m[35m (0.2ms)[0m  [1m[35mBEGIN[0m
  [1m[35m (0.6ms)[0m  [1m[35mCREATE TABLE "playlists_songs" ("playlist_id" bigint NOT NULL, "song_id" bigint NOT NULL)[0m
  [1m[35mSQL (0.3ms)[0m  [1m[32mINSERT INTO "schema_migrations" ("version") VALUES ($1) RETURNING "version"[0m  [["version", "20170709081131"]]
  [1m[35m (2.1ms)[0m  [1m[35mCOMMIT[0m
Migrating to AddFileToSong (20170709102718)
  [1m[35m (0.1ms)[0m  [1m[35mBEGIN[0m
  [1m[35m (0.4ms)[0m  [1m[35mALTER TABLE "songs" ADD "file" character varying[0m
  [1m[35mSQL (0.2ms)[0m  [1m[32mINSERT INTO "schema_migrations" ("version") VALUES ($1) RETURNING "version"[0m  [["version", "20170709102718"]]
  [1m[35m (2.3ms)[0m  [1m[35mCOMMIT[0m
Migrating to AddUserToPlaylists (20170709104315)
  [1m[35m (0.3ms)[0m  [1m[35mBEGIN[0m
  [1m[35m (0.4ms)[0m  [1m[35mALTER TABLE "playlists" ADD "user_id" integer[0m
  [1m[35m (6.5ms)[0m  [1m[35mCREATE  INDEX  "index_playlists_on_user_id" ON "playlists"  ("user_id")[0m
  [1m[35mSQL (0.5ms)[0m  [1m[32mINSERT INTO "schema_migrations" ("version") VALUES ($1) RETURNING "version"[0m  [["version", "20170709104315"]]
  [1m[35m (2.8ms)[0m  [1m[35mCOMMIT[0m
Migrating to RemoveColumnArtistIdAndAddColumnUserId (20170710113549)
  [1m[35m (0.2ms)[0m  [1m[35mBEGIN[0m
  [1m[35m (1.2ms)[0m  [1m[35mALTER TABLE "albums" DROP "artist_id"[0m
  [1m[35m (0.1ms)[0m  [1m[31mROLLBACK[0m
  [1m[35m (0.3ms)[0m  [1m[34mSELECT pg_advisory_unlock(3943021187255099985)[0m
  [1m[35m (1.3ms)[0m  [1m[34mSELECT "schema_migrations"."version" FROM "schema_migrations" ORDER BY "schema_migrations"."version" ASC[0m
  [1m[35m (0.3ms)[0m  [1m[34mSELECT "ar_internal_metadata"."value" FROM "ar_internal_metadata" WHERE "ar_internal_metadata"."key" = $1[0m  [["key", "environment"]]
  [1m[36mActiveRecord::InternalMetadata Load (1.5ms)[0m  [1m[34mSELECT  "ar_internal_metadata".* FROM "ar_internal_metadata" WHERE "ar_internal_metadata"."key" = $1 LIMIT $2[0m  [["key", "environment"], ["LIMIT", 1]]
  [1m[35m (0.2ms)[0m  [1m[35mBEGIN[0m
  [1m[35mSQL (0.4ms)[0m  [1m[32mINSERT INTO "ar_internal_metadata" ("key", "value", "created_at", "updated_at") VALUES ($1, $2, $3, $4) RETURNING "key"[0m  [["key", "environment"], ["value", "development"], ["created_at", "2017-07-15 12:20:41.393767"], ["updated_at", "2017-07-15 12:20:41.393767"]]
  [1m[35m (5.8ms)[0m  [1m[35mCOMMIT[0m
  [1m[35m (0.6ms)[0m  [1m[34mSELECT "schema_migrations"."version" FROM "schema_migrations" ORDER BY "schema_migrations"."version" ASC[0m
  [1m[35m (0.3ms)[0m  [1m[34mSELECT "ar_internal_metadata"."value" FROM "ar_internal_metadata" WHERE "ar_internal_metadata"."key" = $1[0m  [["key", "environment"]]
  [1m[35m (0.2ms)[0m  [1m[34mSELECT "schema_migrations"."version" FROM "schema_migrations" ORDER BY "schema_migrations"."version" ASC[0m
  [1m[35m (0.6ms)[0m  [1m[34mSELECT "ar_internal_metadata"."value" FROM "ar_internal_metadata" WHERE "ar_internal_metadata"."key" = $1[0m  [["key", "environment"]]
  [1m[35m (0.8ms)[0m  [1m[34mSELECT "schema_migrations"."version" FROM "schema_migrations" ORDER BY "schema_migrations"."version" ASC[0m
  [1m[35m (0.5ms)[0m  [1m[34mSELECT "ar_internal_metadata"."value" FROM "ar_internal_metadata" WHERE "ar_internal_metadata"."key" = $1[0m  [["key", "environment"]]
  [1m[35mSQL (2.6ms)[0m  [1m[35mCREATE EXTENSION IF NOT EXISTS "plpgsql"[0m
  [1m[35m (6.7ms)[0m  [1m[35mDROP TABLE IF EXISTS "albums" CASCADE[0m
  [1m[35m (26.8ms)[0m  [1m[35mCREATE TABLE "albums" ("id" bigserial primary key, "title" character varying, "file_cover" character varying, "created_at" timestamp NOT NULL, "updated_at" timestamp NOT NULL, "user_id" integer)[0m
  [1m[35m (14.6ms)[0m  [1m[35mCREATE  INDEX  "index_albums_on_user_id" ON "albums"  ("user_id")[0m
  [1m[35m (5.1ms)[0m  [1m[35mDROP TABLE IF EXISTS "genres" CASCADE[0m
  [1m[35m (20.7ms)[0m  [1m[35mCREATE TABLE "genres" ("id" bigserial primary key, "title" character varying, "created_at" timestamp NOT NULL, "updated_at" timestamp NOT NULL)[0m
  [1m[35m (2.5ms)[0m  [1m[35mDROP TABLE IF EXISTS "genres_songs" CASCADE[0m
  [1m[35m (2.8ms)[0m  [1m[35mCREATE TABLE "genres_songs" ("song_id" bigint NOT NULL, "genre_id" bigint NOT NULL)[0m
  [1m[35m (3.0ms)[0m  [1m[35mDROP TABLE IF EXISTS "playlists" CASCADE[0m
  [1m[35m (18.4ms)[0m  [1m[35mCREATE TABLE "playlists" ("id" bigserial primary key, "title" character varying, "file_cover" character varying, "created_at" timestamp NOT NULL, "updated_at" timestamp NOT NULL, "user_id" integer)[0m
  [1m[35m (15.2ms)[0m  [1m[35mCREATE  INDEX  "index_playlists_on_user_id" ON "playlists"  ("user_id")[0m
  [1m[35m (4.1ms)[0m  [1m[35mDROP TABLE IF EXISTS "playlists_songs" CASCADE[0m
  [1m[35m (6.4ms)[0m  [1m[35mCREATE TABLE "playlists_songs" ("playlist_id" bigint NOT NULL, "song_id" bigint NOT NULL)[0m
  [1m[35m (4.6ms)[0m  [1m[35mDROP TABLE IF EXISTS "songs" CASCADE[0m
  [1m[35m (23.2ms)[0m  [1m[35mCREATE TABLE "songs" ("id" bigserial primary key, "title" character varying, "artist" character varying, "duration" integer, "album_id" integer, "playlist_id" integer, "created_at" timestamp NOT NULL, "updated_at" timestamp NOT NULL, "file" character varying)[0m
  [1m[35m (4.9ms)[0m  [1m[35mDROP TABLE IF EXISTS "users" CASCADE[0m
  [1m[35m (23.5ms)[0m  [1m[35mCREATE TABLE "users" ("id" bigserial primary key, "email" character varying DEFAULT '' NOT NULL, "encrypted_password" character varying DEFAULT '' NOT NULL, "reset_password_token" character varying, "reset_password_sent_at" timestamp, "remember_created_at" timestamp, "sign_in_count" integer DEFAULT 0 NOT NULL, "current_sign_in_at" timestamp, "last_sign_in_at" timestamp, "current_sign_in_ip" inet, "last_sign_in_ip" inet, "role" integer, "avatar" character varying, "auth_meta_data" text, "first_name" character varying, "last_name" character varying, "nick_name" character varying)[0m
  [1m[35m (8.0ms)[0m  [1m[35mCREATE UNIQUE INDEX  "index_users_on_email" ON "users"  ("email")[0m
  [1m[35m (8.6ms)[0m  [1m[35mCREATE UNIQUE INDEX  "index_users_on_reset_password_token" ON "users"  ("reset_password_token")[0m
  [1m[35m (0.7ms)[0m  [1m[34mSELECT "schema_migrations"."version" FROM "schema_migrations" ORDER BY "schema_migrations"."version" ASC[0m
  [1m[35m (2.4ms)[0m  [1m[32mINSERT INTO "schema_migrations" (version) VALUES (20170713222310)[0m
  [1m[35m (2.3ms)[0m  [1m[32mINSERT INTO "schema_migrations" (version) VALUES
(20170712090738),
(20170713125048),
(20170712104916),
(20170711194251),
(20170710113549),
(20170712104915),
(20170712144156);

[0m
  [1m[36mActiveRecord::InternalMetadata Load (0.3ms)[0m  [1m[34mSELECT  "ar_internal_metadata".* FROM "ar_internal_metadata" WHERE "ar_internal_metadata"."key" = $1 LIMIT $2[0m  [["key", "environment"], ["LIMIT", 1]]
  [1m[35m (0.2ms)[0m  [1m[35mBEGIN[0m
  [1m[35m (0.1ms)[0m  [1m[35mCOMMIT[0m
  [1m[36mActiveRecord::InternalMetadata Load (0.1ms)[0m  [1m[34mSELECT  "ar_internal_metadata".* FROM "ar_internal_metadata" WHERE "ar_internal_metadata"."key" = $1 LIMIT $2[0m  [["key", "environment"], ["LIMIT", 1]]
  [1m[35m (0.1ms)[0m  [1m[35mBEGIN[0m
  [1m[35m (0.1ms)[0m  [1m[35mCOMMIT[0m
  [1m[35mSQL (0.2ms)[0m  [1m[35mCREATE EXTENSION IF NOT EXISTS "plpgsql"[0m
  [1m[35m (0.4ms)[0m  [1m[35mDROP TABLE IF EXISTS "albums" CASCADE[0m
  [1m[35m (21.4ms)[0m  [1m[35mCREATE TABLE "albums" ("id" bigserial primary key, "title" character varying, "file_cover" character varying, "created_at" timestamp NOT NULL, "updated_at" timestamp NOT NULL, "user_id" integer)[0m
  [1m[35m (11.4ms)[0m  [1m[35mCREATE  INDEX  "index_albums_on_user_id" ON "albums"  ("user_id")[0m
  [1m[35m (0.3ms)[0m  [1m[35mDROP TABLE IF EXISTS "genres" CASCADE[0m
  [1m[35m (23.6ms)[0m  [1m[35mCREATE TABLE "genres" ("id" bigserial primary key, "title" character varying, "created_at" timestamp NOT NULL, "updated_at" timestamp NOT NULL)[0m
  [1m[35m (0.2ms)[0m  [1m[35mDROP TABLE IF EXISTS "genres_songs" CASCADE[0m
  [1m[35m (4.8ms)[0m  [1m[35mCREATE TABLE "genres_songs" ("song_id" bigint NOT NULL, "genre_id" bigint NOT NULL)[0m
  [1m[35m (0.6ms)[0m  [1m[35mDROP TABLE IF EXISTS "playlists" CASCADE[0m
  [1m[35m (30.5ms)[0m  [1m[35mCREATE TABLE "playlists" ("id" bigserial primary key, "title" character varying, "file_cover" character varying, "created_at" timestamp NOT NULL, "updated_at" timestamp NOT NULL, "user_id" integer)[0m
  [1m[35m (11.4ms)[0m  [1m[35mCREATE  INDEX  "index_playlists_on_user_id" ON "playlists"  ("user_id")[0m
  [1m[35m (0.2ms)[0m  [1m[35mDROP TABLE IF EXISTS "playlists_songs" CASCADE[0m
  [1m[35m (3.7ms)[0m  [1m[35mCREATE TABLE "playlists_songs" ("playlist_id" bigint NOT NULL, "song_id" bigint NOT NULL)[0m
  [1m[35m (0.2ms)[0m  [1m[35mDROP TABLE IF EXISTS "songs" CASCADE[0m
  [1m[35m (25.4ms)[0m  [1m[35mCREATE TABLE "songs" ("id" bigserial primary key, "title" character varying, "artist" character varying, "duration" integer, "album_id" integer, "playlist_id" integer, "created_at" timestamp NOT NULL, "updated_at" timestamp NOT NULL, "file" character varying)[0m
  [1m[35m (0.3ms)[0m  [1m[35mDROP TABLE IF EXISTS "users" CASCADE[0m
  [1m[35m (33.1ms)[0m  [1m[35mCREATE TABLE "users" ("id" bigserial primary key, "email" character varying DEFAULT '' NOT NULL, "encrypted_password" character varying DEFAULT '' NOT NULL, "reset_password_token" character varying, "reset_password_sent_at" timestamp, "remember_created_at" timestamp, "sign_in_count" integer DEFAULT 0 NOT NULL, "current_sign_in_at" timestamp, "last_sign_in_at" timestamp, "current_sign_in_ip" inet, "last_sign_in_ip" inet, "role" integer, "avatar" character varying, "auth_meta_data" text, "first_name" character varying, "last_name" character varying, "nick_name" character varying)[0m
  [1m[35m (15.3ms)[0m  [1m[35mCREATE UNIQUE INDEX  "index_users_on_email" ON "users"  ("email")[0m
  [1m[35m (15.1ms)[0m  [1m[35mCREATE UNIQUE INDEX  "index_users_on_reset_password_token" ON "users"  ("reset_password_token")[0m
  [1m[35m (95.6ms)[0m  [1m[35mCREATE TABLE "schema_migrations" ("version" character varying NOT NULL PRIMARY KEY)[0m
  [1m[35m (0.4ms)[0m  [1m[34mSELECT "schema_migrations"."version" FROM "schema_migrations" ORDER BY "schema_migrations"."version" ASC[0m
  [1m[35m (5.0ms)[0m  [1m[32mINSERT INTO "schema_migrations" (version) VALUES (20170713222310)[0m
  [1m[35m (5.1ms)[0m  [1m[32mINSERT INTO "schema_migrations" (version) VALUES
(20170708202748),
(20170712090738),
(20170709102718),
(20170713125048),
(20170712104916),
(20170707213837),
(20170709104315),
(20170708140422),
(20170709081131),
(20170707093734),
(20170711194251),
(20170710113549),
(20170708201645),
(20170707184708),
(20170712104915),
(20170712144156);

[0m
  [1m[35m (25.3ms)[0m  [1m[35mCREATE TABLE "ar_internal_metadata" ("key" character varying NOT NULL PRIMARY KEY, "value" character varying, "created_at" timestamp NOT NULL, "updated_at" timestamp NOT NULL)[0m
  [1m[36mActiveRecord::InternalMetadata Load (0.3ms)[0m  [1m[34mSELECT  "ar_internal_metadata".* FROM "ar_internal_metadata" WHERE "ar_internal_metadata"."key" = $1 LIMIT $2[0m  [["key", "environment"], ["LIMIT", 1]]
  [1m[35m (0.1ms)[0m  [1m[35mBEGIN[0m
  [1m[35mSQL (0.3ms)[0m  [1m[32mINSERT INTO "ar_internal_metadata" ("key", "value", "created_at", "updated_at") VALUES ($1, $2, $3, $4) RETURNING "key"[0m  [["key", "environment"], ["value", "development"], ["created_at", "2017-07-15 12:20:45.022576"], ["updated_at", "2017-07-15 12:20:45.022576"]]
  [1m[35m (4.7ms)[0m  [1m[35mCOMMIT[0m
  [1m[36mActiveRecord::InternalMetadata Load (0.2ms)[0m  [1m[34mSELECT  "ar_internal_metadata".* FROM "ar_internal_metadata" WHERE "ar_internal_metadata"."key" = $1 LIMIT $2[0m  [["key", "environment"], ["LIMIT", 1]]
  [1m[35m (0.1ms)[0m  [1m[35mBEGIN[0m
  [1m[35m (0.1ms)[0m  [1m[35mCOMMIT[0m
  [1m[35m (0.9ms)[0m  [1m[34mSELECT "schema_migrations"."version" FROM "schema_migrations" ORDER BY "schema_migrations"."version" ASC[0m
  [1m[35m (0.4ms)[0m  [1m[34mSELECT "ar_internal_metadata"."value" FROM "ar_internal_metadata" WHERE "ar_internal_metadata"."key" = $1[0m  [["key", "environment"]]
  [1m[35m (0.3ms)[0m  [1m[34mSELECT "schema_migrations"."version" FROM "schema_migrations" ORDER BY "schema_migrations"."version" ASC[0m
  [1m[35m (0.1ms)[0m  [1m[34mSELECT "ar_internal_metadata"."value" FROM "ar_internal_metadata" WHERE "ar_internal_metadata"."key" = $1[0m  [["key", "environment"]]
  [1m[35m (0.7ms)[0m  [1m[34mSELECT "schema_migrations"."version" FROM "schema_migrations" ORDER BY "schema_migrations"."version" ASC[0m
  [1m[35m (0.2ms)[0m  [1m[34mSELECT "ar_internal_metadata"."value" FROM "ar_internal_metadata" WHERE "ar_internal_metadata"."key" = $1[0m  [["key", "environment"]]
  [1m[35m (308.6ms)[0m  [1m[35mDROP DATABASE IF EXISTS "ruby_rouges_rails_test"[0m
  [1m[35m (474.3ms)[0m  [1m[35mCREATE DATABASE "ruby_rouges_rails_test" ENCODING = 'unicode'[0m
  [1m[35mSQL (0.2ms)[0m  [1m[35mCREATE EXTENSION IF NOT EXISTS "plpgsql"[0m
  [1m[35m (0.2ms)[0m  [1m[35mDROP TABLE IF EXISTS "albums" CASCADE[0m
  [1m[35m (40.6ms)[0m  [1m[35mCREATE TABLE "albums" ("id" bigserial primary key, "title" character varying, "file_cover" character varying, "created_at" timestamp NOT NULL, "updated_at" timestamp NOT NULL, "user_id" integer)[0m
  [1m[35m (21.3ms)[0m  [1m[35mCREATE  INDEX  "index_albums_on_user_id" ON "albums"  ("user_id")[0m
  [1m[35m (0.2ms)[0m  [1m[35mDROP TABLE IF EXISTS "genres" CASCADE[0m
  [1m[35m (33.5ms)[0m  [1m[35mCREATE TABLE "genres" ("id" bigserial primary key, "title" character varying, "created_at" timestamp NOT NULL, "updated_at" timestamp NOT NULL)[0m
  [1m[35m (0.3ms)[0m  [1m[35mDROP TABLE IF EXISTS "genres_songs" CASCADE[0m
  [1m[35m (7.2ms)[0m  [1m[35mCREATE TABLE "genres_songs" ("song_id" bigint NOT NULL, "genre_id" bigint NOT NULL)[0m
  [1m[35m (0.2ms)[0m  [1m[35mDROP TABLE IF EXISTS "playlists" CASCADE[0m
  [1m[35m (31.2ms)[0m  [1m[35mCREATE TABLE "playlists" ("id" bigserial primary key, "title" character varying, "file_cover" character varying, "created_at" timestamp NOT NULL, "updated_at" timestamp NOT NULL, "user_id" integer)[0m
  [1m[35m (16.3ms)[0m  [1m[35mCREATE  INDEX  "index_playlists_on_user_id" ON "playlists"  ("user_id")[0m
  [1m[35m (0.6ms)[0m  [1m[35mDROP TABLE IF EXISTS "playlists_songs" CASCADE[0m
  [1m[35m (5.5ms)[0m  [1m[35mCREATE TABLE "playlists_songs" ("playlist_id" bigint NOT NULL, "song_id" bigint NOT NULL)[0m
  [1m[35m (0.3ms)[0m  [1m[35mDROP TABLE IF EXISTS "songs" CASCADE[0m
  [1m[35m (25.6ms)[0m  [1m[35mCREATE TABLE "songs" ("id" bigserial primary key, "title" character varying, "artist" character varying, "duration" integer, "album_id" integer, "playlist_id" integer, "created_at" timestamp NOT NULL, "updated_at" timestamp NOT NULL, "file" character varying)[0m
  [1m[35m (0.2ms)[0m  [1m[35mDROP TABLE IF EXISTS "users" CASCADE[0m
  [1m[35m (22.8ms)[0m  [1m[35mCREATE TABLE "users" ("id" bigserial primary key, "email" character varying DEFAULT '' NOT NULL, "encrypted_password" character varying DEFAULT '' NOT NULL, "reset_password_token" character varying, "reset_password_sent_at" timestamp, "remember_created_at" timestamp, "sign_in_count" integer DEFAULT 0 NOT NULL, "current_sign_in_at" timestamp, "last_sign_in_at" timestamp, "current_sign_in_ip" inet, "last_sign_in_ip" inet, "role" integer, "avatar" character varying, "auth_meta_data" text, "first_name" character varying, "last_name" character varying, "nick_name" character varying)[0m
  [1m[35m (12.6ms)[0m  [1m[35mCREATE UNIQUE INDEX  "index_users_on_email" ON "users"  ("email")[0m
  [1m[35m (13.3ms)[0m  [1m[35mCREATE UNIQUE INDEX  "index_users_on_reset_password_token" ON "users"  ("reset_password_token")[0m
  [1m[35m (33.4ms)[0m  [1m[35mCREATE TABLE "schema_migrations" ("version" character varying NOT NULL PRIMARY KEY)[0m
  [1m[35m (0.9ms)[0m  [1m[34mSELECT "schema_migrations"."version" FROM "schema_migrations" ORDER BY "schema_migrations"."version" ASC[0m
  [1m[35m (5.5ms)[0m  [1m[32mINSERT INTO "schema_migrations" (version) VALUES (20170713222310)[0m
  [1m[35m (5.5ms)[0m  [1m[32mINSERT INTO "schema_migrations" (version) VALUES
(20170708202748),
(20170712090738),
(20170709102718),
(20170713125048),
(20170712104916),
(20170707213837),
(20170709104315),
(20170708140422),
(20170709081131),
(20170707093734),
(20170711194251),
(20170710113549),
(20170708201645),
(20170707184708),
(20170712104915),
(20170712144156);

[0m
  [1m[35m (32.0ms)[0m  [1m[35mCREATE TABLE "ar_internal_metadata" ("key" character varying NOT NULL PRIMARY KEY, "value" character varying, "created_at" timestamp NOT NULL, "updated_at" timestamp NOT NULL)[0m
  [1m[36mActiveRecord::InternalMetadata Load (1.0ms)[0m  [1m[34mSELECT  "ar_internal_metadata".* FROM "ar_internal_metadata" WHERE "ar_internal_metadata"."key" = $1 LIMIT $2[0m  [["key", "environment"], ["LIMIT", 1]]
  [1m[35m (0.1ms)[0m  [1m[35mBEGIN[0m
  [1m[35mSQL (0.3ms)[0m  [1m[32mINSERT INTO "ar_internal_metadata" ("key", "value", "created_at", "updated_at") VALUES ($1, $2, $3, $4) RETURNING "key"[0m  [["key", "environment"], ["value", "development"], ["created_at", "2017-07-15 12:21:12.879500"], ["updated_at", "2017-07-15 12:21:12.879500"]]
  [1m[35m (5.2ms)[0m  [1m[35mCOMMIT[0m
  [1m[36mActiveRecord::InternalMetadata Load (0.2ms)[0m  [1m[34mSELECT  "ar_internal_metadata".* FROM "ar_internal_metadata" WHERE "ar_internal_metadata"."key" = $1 LIMIT $2[0m  [["key", "environment"], ["LIMIT", 1]]
  [1m[35m (0.2ms)[0m  [1m[35mBEGIN[0m
  [1m[35m (0.1ms)[0m  [1m[35mCOMMIT[0m
  [1m[35m (0.2ms)[0m  [1m[35mBEGIN[0m
  [1m[35m (0.2ms)[0m  [1m[31mROLLBACK[0m
  [1m[35m (1.2ms)[0m  [1m[35mBEGIN[0m
  [1m[35m (0.2ms)[0m  [1m[31mROLLBACK[0m
